C:\Program Files\Microsoft Visual Studio\2022\Community\MSBuild\Microsoft\VC\v170\Microsoft.CppBuild.targets(531,5): warning MSB8028: The intermediate directory (x64\Debug\) contains files shared from another project (CCTWeaker Controller.vcxproj, IndividualProject.vcxproj).  This can lead to incorrect clean and rebuild behavior.
  Scanning sources for module dependencies...
  glm.cppm
  Compiling...
  glm.cppm
  Perlin.cpp
\src\Modules\Terrain\Models\Perlin.cpp(1,1): error C1083: Cannot open source file: 'src\Modules\Terrain\Models\Perlin.cpp': No such file or directory
  (compiling source file '/src/Modules/Terrain/Models/Perlin.cpp')
  
  MathsFunction.cpp
\src\Support\MathsFunction.cpp(1,1): error C1083: Cannot open source file: 'src\Support\MathsFunction.cpp': No such file or directory
  (compiling source file '/src/Support/MathsFunction.cpp')
  
  Chunk.cpp
\src\Modules\Terrain\Chunk.cpp(1,1): error C1083: Cannot open source file: 'src\Modules\Terrain\Chunk.cpp': No such file or directory
  (compiling source file '/src/Modules/Terrain/Chunk.cpp')
  
  glm.cpp
  ScreenRenderWidgit.cpp
\src\UI\InguiWidgits\ScreenRenderWidgit.cpp(1,1): error C1083: Cannot open source file: 'src\UI\InguiWidgits\ScreenRenderWidgit.cpp': No such file or directory
  (compiling source file '/src/UI/InguiWidgits/ScreenRenderWidgit.cpp')
  
  Scene.cpp
D:\Data\Programing\Projects\Minecraft CCTweaked Controller\Main Program\IndividualProject\src\Core\Scene.hpp(6,10): error C1083: Cannot open include file: '../Objects/Object.hpp': No such file or directory
  (compiling source file 'src/Core/Scene.cpp')
  
  ImguiCore.cpp
\src\UI\InguiWidgits\ImguiCore.cpp(1,1): error C1083: Cannot open source file: 'src\UI\InguiWidgits\ImguiCore.cpp': No such file or directory
  (compiling source file '/src/UI/InguiWidgits/ImguiCore.cpp')
  
  LightingManager.cpp
\src\Lighting\LightingManager.cpp(1,1): error C1083: Cannot open source file: 'src\Lighting\LightingManager.cpp': No such file or directory
  (compiling source file '/src/Lighting/LightingManager.cpp')
  
  Mesh.cpp
\src\Objects\Mesh.cpp(1,1): error C1083: Cannot open source file: 'src\Objects\Mesh.cpp': No such file or directory
  (compiling source file '/src/Objects/Mesh.cpp')
  
  Camera.cpp
D:\Data\Programing\Projects\Minecraft CCTweaked Controller\Main Program\IndividualProject\src\Core\Camera.hpp(15,10): error C1083: Cannot open include file: '../imgui/imgui.h': No such file or directory
  (compiling source file 'src/Core/Camera.cpp')
  
  Light.cpp
\src\Lighting\Light.cpp(1,1): error C1083: Cannot open source file: 'src\Lighting\Light.cpp': No such file or directory
  (compiling source file '/src/Lighting/Light.cpp')
  
  main.cpp
D:\Data\Programing\Projects\Minecraft CCTweaked Controller\Main Program\IndividualProject\src\Core\camera.hpp(15,10): error C1083: Cannot open include file: '../imgui/imgui.h': No such file or directory
  (compiling source file 'src/Core/main.cpp')
  
  Material.cpp
\src\Core\Material.cpp(1,1): error C1083: Cannot open source file: 'src\Core\Material.cpp': No such file or directory
  (compiling source file '/src/Core/Material.cpp')
  
  Program.cpp
\src\Core\Program.cpp(1,1): error C1083: Cannot open source file: 'src\Core\Program.cpp': No such file or directory
  (compiling source file '/src/Core/Program.cpp')
  
  imgui.cpp
\src\imgui\imgui.cpp(1,1): error C1083: Cannot open source file: 'src\imgui\imgui.cpp': No such file or directory
  (compiling source file '/src/imgui/imgui.cpp')
  
  imgui_demo.cpp
\src\imgui\imgui_demo.cpp(1,1): error C1083: Cannot open source file: 'src\imgui\imgui_demo.cpp': No such file or directory
  (compiling source file '/src/imgui/imgui_demo.cpp')
  
  imgui_draw.cpp
\src\imgui\imgui_draw.cpp(1,1): error C1083: Cannot open source file: 'src\imgui\imgui_draw.cpp': No such file or directory
  (compiling source file '/src/imgui/imgui_draw.cpp')
  
  imgui_impl_glfw.cpp
\src\imgui\imgui_impl_glfw.cpp(1,1): error C1083: Cannot open source file: 'src\imgui\imgui_impl_glfw.cpp': No such file or directory
  (compiling source file '/src/imgui/imgui_impl_glfw.cpp')
  
  imgui_impl_opengl3.cpp
\src\imgui\imgui_impl_opengl3.cpp(1,1): error C1083: Cannot open source file: 'src\imgui\imgui_impl_opengl3.cpp': No such file or directory
  (compiling source file '/src/imgui/imgui_impl_opengl3.cpp')
  
  imgui_tables.cpp
\src\imgui\imgui_tables.cpp(1,1): error C1083: Cannot open source file: 'src\imgui\imgui_tables.cpp': No such file or directory
  (compiling source file '/src/imgui/imgui_tables.cpp')
  
  Generating Code...
  Compiling...
  imgui_widgets.cpp
\src\imgui\imgui_widgets.cpp(1,1): error C1083: Cannot open source file: 'src\imgui\imgui_widgets.cpp': No such file or directory
  (compiling source file '/src/imgui/imgui_widgets.cpp')
  
  Object.cpp
\src\Objects\Object.cpp(1,1): error C1083: Cannot open source file: 'src\Objects\Object.cpp': No such file or directory
  (compiling source file '/src/Objects/Object.cpp')
  
  TextHandler.cpp
\src\UI\TextHandler.cpp(1,1): error C1083: Cannot open source file: 'src\UI\TextHandler.cpp': No such file or directory
  (compiling source file '/src/UI/TextHandler.cpp')
  
  TerrainManager.cpp
\src\Modules\Terrain\TerrainManager.cpp(1,1): error C1083: Cannot open source file: 'src\Modules\Terrain\TerrainManager.cpp': No such file or directory
  (compiling source file '/src/Modules/Terrain/TerrainManager.cpp')
  
  Terrain.cpp
\src\Modules\Terrain\Terrain.cpp(1,1): error C1083: Cannot open source file: 'src\Modules\Terrain\Terrain.cpp': No such file or directory
  (compiling source file '/src/Modules/Terrain/Terrain.cpp')
  
  Generating Code...
