d:\data\uni programming\individualproject\individualproject\x64\debug\vc143.pdb
d:\data\uni programming\individualproject\individualproject\x64\debug\vc143.idb
d:\data\uni programming\individualproject\individualproject\x64\debug\imgui_widgets.obj
d:\data\uni programming\individualproject\individualproject\x64\debug\imgui_tables.obj
d:\data\uni programming\individualproject\individualproject\x64\debug\imgui_impl_opengl3.obj
d:\data\uni programming\individualproject\individualproject\x64\debug\imgui_draw.obj
d:\data\uni programming\individualproject\individualproject\x64\debug\imgui.obj
d:\data\uni programming\individualproject\individualproject\x64\debug\program.obj
d:\data\uni programming\individualproject\individualproject\x64\debug\material.obj
d:\data\uni programming\individualproject\individualproject\x64\debug\inputhandler.obj
d:\data\uni programming\individualproject\individualproject\x64\debug\imgui_impl_glfw.obj
d:\data\uni programming\individualproject\individualproject\x64\debug\imgui_demo.obj
d:\data\uni programming\individualproject\individualproject\x64\debug\main.obj
d:\data\uni programming\individualproject\individualproject\x64\debug\glm.obj
d:\data\uni programming\individualproject\individualproject\x64\debug\texthandler.obj
d:\data\uni programming\individualproject\individualproject\x64\debug\button.obj
d:\data\uni programming\individualproject\individualproject\x64\debug\stb_image_write.obj
d:\data\uni programming\individualproject\individualproject\x64\debug\stb_image.obj
d:\data\uni programming\individualproject\individualproject\x64\debug\glm.cppm.ifc
d:\data\uni programming\individualproject\individualproject\x64\debug\glm.cppm.ifc.d.json
d:\data\uni programming\individualproject\individualproject\x64\debug\glm.cppm.obj
d:\data\uni programming\individualproject\individualproject\x64\debug\glad.obj
d:\data\uni programming\individualproject\individualproject\x64\debug\camera.obj
d:\data\uni programming\individualproject\individualproject\x64\debug\mesh.obj
d:\data\uni programming\individualproject\individualproject\x64\debug\lightingmanager.obj
d:\data\uni programming\individualproject\individualproject\x64\debug\object.obj
d:\data\uni programming\individualproject\x64\debug\individualproject.exe
d:\data\uni programming\individualproject\x64\debug\individualproject.pdb
d:\data\uni programming\individualproject\individualproject\x64\debug\glm.cppm.module.json
d:\data\uni programming\individualproject\individualproject\x64\debug\individualproject.ilk
d:\data\uni programming\individualproject\individualproject\x64\debug\cone.obj
d:\data\uni programming\individualproject\individualproject\x64\debug\cylinder.obj
d:\data\uni programming\individualproject\individualproject\x64\debug\light.obj
d:\data\uni programming\individualproject\individualproject\x64\debug\loadobj.obj
d:\data\uni programming\individualproject\individualproject\x64\debug\mat44.obj
d:\data\uni programming\individualproject\individualproject\x64\debug\maths_support.obj
d:\data\uni programming\individualproject\individualproject\x64\debug\particle.obj
d:\data\uni programming\individualproject\individualproject\x64\debug\particlesystem.obj
d:\data\uni programming\individualproject\individualproject\x64\debug\posix_module.obj
d:\data\uni programming\individualproject\individualproject\x64\debug\posix_poll.obj
d:\data\uni programming\individualproject\individualproject\x64\debug\posix_thread.obj
d:\data\uni programming\individualproject\individualproject\x64\debug\posix_time.obj
d:\data\uni programming\individualproject\individualproject\x64\debug\prism.obj
d:\data\uni programming\individualproject\individualproject\x64\debug\simple_mesh.obj
d:\data\uni programming\individualproject\individualproject\x64\debug\sphere.obj
d:\data\uni programming\individualproject\individualproject\x64\debug\vulkan.obj
d:\data\uni programming\individualproject\individualproject\x64\debug\individu.91b267f4.tlog\cl.command.1.tlog
d:\data\uni programming\individualproject\individualproject\x64\debug\individu.91b267f4.tlog\cl.items.tlog
d:\data\uni programming\individualproject\individualproject\x64\debug\individu.91b267f4.tlog\cl.read.1.tlog
d:\data\uni programming\individualproject\individualproject\x64\debug\individu.91b267f4.tlog\cl.write.1.tlog
d:\data\uni programming\individualproject\individualproject\x64\debug\individu.91b267f4.tlog\link.command.1.tlog
d:\data\uni programming\individualproject\individualproject\x64\debug\individu.91b267f4.tlog\link.read.1.tlog
d:\data\uni programming\individualproject\individualproject\x64\debug\individu.91b267f4.tlog\link.secondary.1.tlog
d:\data\uni programming\individualproject\individualproject\x64\debug\individu.91b267f4.tlog\link.write.1.tlog
d:\data\uni programming\individualproject\individualproject\x64\debug\individu.91b267f4_md.tlog\cl.command.1.tlog
d:\data\uni programming\individualproject\individualproject\x64\debug\individu.91b267f4_md.tlog\microsoft.build.cpptasks.cl.read.1.tlog
d:\data\uni programming\individualproject\individualproject\x64\debug\individu.91b267f4_md.tlog\microsoft.build.cpptasks.cl.write.1.tlog
