  Scanning sources for module dependencies...
LINK : warning LNK4098: defaultlib 'MSVCRT' conflicts with use of other libs; use /NODEFAULTLIB:library
Scene.obj : error LNK2019: unresolved external symbol "bool __cdecl ImGui::Begin(char const *,bool *,int)" (?Begin@ImGui@@YA_NPEBDPEA_NH@Z) referenced in function "public: static void __cdecl Scene::ImGuiWindow(void)" (?ImGuiWindow@Scene@@SAXXZ)
Scene.obj : error LNK2019: unresolved external symbol "void __cdecl ImGui::End(void)" (?End@ImGui@@YAXXZ) referenced in function "public: static void __cdecl Scene::ImGuiWindow(void)" (?ImGuiWindow@Scene@@SAXXZ)
Scene.obj : error LNK2019: unresolved external symbol "void __cdecl ImGui::Separator(void)" (?Separator@ImGui@@YAXXZ) referenced in function "public: static void __cdecl Scene::ImGuiWindow(void)" (?ImGuiWindow@Scene@@SAXXZ)
Scene.obj : error LNK2019: unresolved external symbol "void __cdecl ImGui::Text(char const *,...)" (?Text@ImGui@@YAXPEBDZZ) referenced in function "public: static void __cdecl Scene::ImGuiWindow(void)" (?ImGuiWindow@Scene@@SAXXZ)
Scene.obj : error LNK2019: unresolved external symbol "bool __cdecl ImGui::Button(char const *,struct ImVec2 const &)" (?Button@ImGui@@YA_NPEBDAEBUImVec2@@@Z) referenced in function "public: static void __cdecl Scene::ImGuiWindow(void)" (?ImGuiWindow@Scene@@SAXXZ)
Scene.obj : error LNK2019: unresolved external symbol "bool __cdecl ImGui::Checkbox(char const *,bool *)" (?Checkbox@ImGui@@YA_NPEBDPEA_N@Z) referenced in function "public: static void __cdecl Scene::ImGuiWindow(void)" (?ImGuiWindow@Scene@@SAXXZ)
Scene.obj : error LNK2019: unresolved external symbol "bool __cdecl ImGui::DragFloat(char const *,float *,float,float,float,char const *,int)" (?DragFloat@ImGui@@YA_NPEBDPEAMMMM0H@Z) referenced in function "public: static void __cdecl Scene::ImGuiWindow(void)" (?ImGuiWindow@Scene@@SAXXZ)
Scene.obj : error LNK2019: unresolved external symbol "bool __cdecl ImGui::DragFloat3(char const *,float * const,float,float,float,char const *,int)" (?DragFloat3@ImGui@@YA_NPEBDQEAMMMM0H@Z) referenced in function "public: static void __cdecl Scene::ImGuiWindow(void)" (?ImGuiWindow@Scene@@SAXXZ)
Scene.obj : error LNK2019: unresolved external symbol "bool __cdecl ImGui::SliderFloat(char const *,float *,float,float,char const *,int)" (?SliderFloat@ImGui@@YA_NPEBDPEAMMM0H@Z) referenced in function "public: static void __cdecl Scene::ImGuiWindow(void)" (?ImGuiWindow@Scene@@SAXXZ)
Scene.obj : error LNK2001: unresolved external symbol "protected: static class Object * Object::currentObject" (?currentObject@Object@@1PEAV1@EA)
Scene.obj : error LNK2001: unresolved external symbol "public: static int ImguiCore::triangleCount" (?triangleCount@ImguiCore@@2HA)
Camera.obj : error LNK2019: unresolved external symbol "bool __cdecl ImGui::IsKeyDown(enum ImGuiKey)" (?IsKeyDown@ImGui@@YA_NW4ImGuiKey@@@Z) referenced in function "public: void __cdecl Camera::update(float,struct GLFWwindow *)" (?update@Camera@@QEAAXMPEAUGLFWwindow@@@Z)
main.obj : error LNK2019: unresolved external symbol "bool __cdecl ImGui::IsKeyPressed(enum ImGuiKey,bool)" (?IsKeyPressed@ImGui@@YA_NW4ImGuiKey@@_N@Z) referenced in function main
main.obj : error LNK2019: unresolved external symbol "public: static void __cdecl ShaderProgram::registerShader(class std::basic_string<char,struct std::char_traits<char>,class std::allocator<char> > const &,class std::basic_string<char,struct std::char_traits<char>,class std::allocator<char> > const &,class std::basic_string<char,struct std::char_traits<char>,class std::allocator<char> > const &)" (?registerShader@ShaderProgram@@SAXAEBV?$basic_string@DU?$char_traits@D@std@@V?$allocator@D@2@@std@@00@Z) referenced in function main
main.obj : error LNK2019: unresolved external symbol "public: __cdecl Light::Light(struct glm::vec<3,float,0>,struct glm::vec<3,float,0>,float)" (??0Light@@QEAA@U?$vec@$02M$0A@@glm@@0M@Z) referenced in function main
main.obj : error LNK2019: unresolved external symbol "public: __cdecl Light::~Light(void)" (??1Light@@QEAA@XZ) referenced in function main
main.obj : error LNK2019: unresolved external symbol "public: static void __cdecl LightingManager::addLight(class Light)" (?addLight@LightingManager@@SAXVLight@@@Z) referenced in function main
main.obj : error LNK2019: unresolved external symbol "public: static void __cdecl TerrainManager::init(void)" (?init@TerrainManager@@SAXXZ) referenced in function main
main.obj : error LNK2019: unresolved external symbol "public: static void __cdecl TerrainManager::destroy(void)" (?destroy@TerrainManager@@SAXXZ) referenced in function main
main.obj : error LNK2019: unresolved external symbol "public: static void __cdecl TerrainManager::updateTerrain(void)" (?updateTerrain@TerrainManager@@SAXXZ) referenced in function main
main.obj : error LNK2019: unresolved external symbol "public: static void __cdecl ImguiCore::init(struct GLFWwindow *)" (?init@ImguiCore@@SAXPEAUGLFWwindow@@@Z) referenced in function main
main.obj : error LNK2019: unresolved external symbol "public: static void __cdecl ImguiCore::render(void)" (?render@ImguiCore@@SAXXZ) referenced in function main
main.obj : error LNK2019: unresolved external symbol "public: static void __cdecl ImguiCore::destroy(void)" (?destroy@ImguiCore@@SAXXZ) referenced in function "public: __cdecl `anonymous namespace'::GLFWWindowDeleter::~GLFWWindowDeleter(void)" (??1GLFWWindowDeleter@?A0x197579b4@@QEAA@XZ)
main.obj : error LNK2001: unresolved external symbol "public: static struct glm::vec<4,float,0> LightingManager::clearColor" (?clearColor@LightingManager@@2U?$vec@$03M$0A@@glm@@A)
main.obj : error LNK2001: unresolved external symbol "private: static bool ImguiCore::isVisable" (?isVisable@ImguiCore@@0_NA)
D:\Data\Programing\Projects\Minecraft CCTweaked Controller\Main Program\x64\Debug\Core.exe : fatal error LNK1120: 25 unresolved externals
