Chunk.obj : error LNK2019: unresolved external symbol "public: __cdecl Mesh::Mesh(class std::basic_string<char,struct std::char_traits<char>,class std::allocator<char> > const &)" (??0Mesh@@QEAA@AEBV?$basic_string@DU?$char_traits@D@std@@V?$allocator@D@2@@std@@@Z) referenced in function "public: void __cdecl Chunk::createMesh(void)" (?createMesh@Chunk@@QEAAXXZ)
Chunk.obj : error LNK2019: unresolved external symbol "public: __cdecl Mesh::~Mesh(void)" (??1Mesh@@QEAA@XZ) referenced in function "public: void __cdecl Chunk::createMesh(void)" (?createMesh@Chunk@@QEAAXXZ)
Chunk.obj : error LNK2019: unresolved external symbol "public: void __cdecl Mesh::registerMesh(void)" (?registerMesh@Mesh@@QEAAXXZ) referenced in function "public: void __cdecl Chunk::createMesh(void)" (?createMesh@Chunk@@QEAAXXZ)
Chunk.obj : error LNK2019: unresolved external symbol "public: void __cdecl Mesh::updateMesh(float * const,unsigned int,float * const,unsigned int,float * const,unsigned int,unsigned int * const,unsigned int)" (?updateMesh@Mesh@@QEAAXQEAMI0I0IQEAII@Z) referenced in function "public: static class Mesh * __cdecl Pane::UpdateTerrain(class Mesh *,class std::basic_string<char,struct std::char_traits<char>,class std::allocator<char> > const &,float *,float,int,class std::vector<struct glm::vec<3,float,0>,class std::allocator<struct glm::vec<3,float,0> > >,class std::vector<float,class std::allocator<float> >)" (?UpdateTerrain@Pane@@SAPEAVMesh@@PEAV2@AEBV?$basic_string@DU?$char_traits@D@std@@V?$allocator@D@2@@std@@PEAMMHV?$vector@U?$vec@$02M$0A@@glm@@V?$allocator@U?$vec@$02M$0A@@glm@@@std@@@4@V?$vector@MV?$allocator@M@std@@@4@@Z)
Chunk.obj : error LNK2019: unresolved external symbol "public: void __cdecl Mesh::drawMesh(struct glm::mat<4,4,float,0>,class Material *)" (?drawMesh@Mesh@@QEAAXU?$mat@$03$03M$0A@@glm@@PEAVMaterial@@@Z) referenced in function "public: virtual void __cdecl Chunk::draw(struct glm::mat<4,4,float,0>)" (?draw@Chunk@@UEAAXU?$mat@$03$03M$0A@@glm@@@Z)
Chunk.obj : error LNK2019: unresolved external symbol "public: __cdecl Object::Object(void)" (??0Object@@QEAA@XZ) referenced in function "public: __cdecl Chunk::Chunk(struct glm::vec<2,int,0>,class Terrain *,int,int)" (??0Chunk@@QEAA@U?$vec@$01H$0A@@glm@@PEAVTerrain@@HH@Z)
Terrain.obj : error LNK2001: unresolved external symbol "public: __cdecl Object::Object(void)" (??0Object@@QEAA@XZ)
Chunk.obj : error LNK2019: unresolved external symbol "public: __cdecl Object::~Object(void)" (??1Object@@QEAA@XZ) referenced in function "public: __cdecl Chunk::~Chunk(void)" (??1Chunk@@QEAA@XZ)
Terrain.obj : error LNK2001: unresolved external symbol "public: __cdecl Object::~Object(void)" (??1Object@@QEAA@XZ)
Chunk.obj : error LNK2001: unresolved external symbol "public: virtual void __cdecl Object::ImGuiWindow(void)" (?ImGuiWindow@Object@@UEAAXXZ)
Perlin.obj : error LNK2019: unresolved external symbol "bool __cdecl ImGui::Begin(char const *,bool *,int)" (?Begin@ImGui@@YA_NPEBDPEA_NH@Z) referenced in function "public: virtual void __cdecl Perlin::ImGuiWindow(void)" (?ImGuiWindow@Perlin@@UEAAXXZ)
Terrain.obj : error LNK2001: unresolved external symbol "bool __cdecl ImGui::Begin(char const *,bool *,int)" (?Begin@ImGui@@YA_NPEBDPEA_NH@Z)
TerrainManager.obj : error LNK2001: unresolved external symbol "bool __cdecl ImGui::Begin(char const *,bool *,int)" (?Begin@ImGui@@YA_NPEBDPEA_NH@Z)
Perlin.obj : error LNK2019: unresolved external symbol "void __cdecl ImGui::End(void)" (?End@ImGui@@YAXXZ) referenced in function "public: virtual void __cdecl Perlin::ImGuiWindow(void)" (?ImGuiWindow@Perlin@@UEAAXXZ)
Terrain.obj : error LNK2001: unresolved external symbol "void __cdecl ImGui::End(void)" (?End@ImGui@@YAXXZ)
TerrainManager.obj : error LNK2001: unresolved external symbol "void __cdecl ImGui::End(void)" (?End@ImGui@@YAXXZ)
Perlin.obj : error LNK2019: unresolved external symbol "void __cdecl ImGui::Separator(void)" (?Separator@ImGui@@YAXXZ) referenced in function "public: virtual void __cdecl Perlin::ImGuiWindow(void)" (?ImGuiWindow@Perlin@@UEAAXXZ)
Terrain.obj : error LNK2001: unresolved external symbol "void __cdecl ImGui::Separator(void)" (?Separator@ImGui@@YAXXZ)
TerrainManager.obj : error LNK2001: unresolved external symbol "void __cdecl ImGui::Separator(void)" (?Separator@ImGui@@YAXXZ)
Perlin.obj : error LNK2019: unresolved external symbol "void __cdecl ImGui::Text(char const *,...)" (?Text@ImGui@@YAXPEBDZZ) referenced in function "public: virtual void __cdecl Perlin::ImGuiWindow(void)" (?ImGuiWindow@Perlin@@UEAAXXZ)
Terrain.obj : error LNK2001: unresolved external symbol "void __cdecl ImGui::Text(char const *,...)" (?Text@ImGui@@YAXPEBDZZ)
TerrainManager.obj : error LNK2001: unresolved external symbol "void __cdecl ImGui::Text(char const *,...)" (?Text@ImGui@@YAXPEBDZZ)
Perlin.obj : error LNK2019: unresolved external symbol "bool __cdecl ImGui::Button(char const *,struct ImVec2 const &)" (?Button@ImGui@@YA_NPEBDAEBUImVec2@@@Z) referenced in function "public: virtual void __cdecl Perlin::ImGuiWindow(void)" (?ImGuiWindow@Perlin@@UEAAXXZ)
Terrain.obj : error LNK2001: unresolved external symbol "bool __cdecl ImGui::Button(char const *,struct ImVec2 const &)" (?Button@ImGui@@YA_NPEBDAEBUImVec2@@@Z)
TerrainManager.obj : error LNK2001: unresolved external symbol "bool __cdecl ImGui::Button(char const *,struct ImVec2 const &)" (?Button@ImGui@@YA_NPEBDAEBUImVec2@@@Z)
Perlin.obj : error LNK2019: unresolved external symbol "bool __cdecl ImGui::DragFloat3(char const *,float * const,float,float,float,char const *,int)" (?DragFloat3@ImGui@@YA_NPEBDQEAMMMM0H@Z) referenced in function "public: virtual void __cdecl Perlin::ImGuiWindow(void)" (?ImGuiWindow@Perlin@@UEAAXXZ)
Terrain.obj : error LNK2001: unresolved external symbol "bool __cdecl ImGui::DragFloat3(char const *,float * const,float,float,float,char const *,int)" (?DragFloat3@ImGui@@YA_NPEBDQEAMMMM0H@Z)
Perlin.obj : error LNK2019: unresolved external symbol "bool __cdecl ImGui::InputText(char const *,char *,unsigned __int64,int,int (__cdecl*)(struct ImGuiInputTextCallbackData *),void *)" (?InputText@ImGui@@YA_NPEBDPEAD_KHP6AHPEAUImGuiInputTextCallbackData@@@ZPEAX@Z) referenced in function "public: virtual void __cdecl Perlin::ImGuiWindow(void)" (?ImGuiWindow@Perlin@@UEAAXXZ)
Terrain.obj : error LNK2001: unresolved external symbol "bool __cdecl ImGui::InputText(char const *,char *,unsigned __int64,int,int (__cdecl*)(struct ImGuiInputTextCallbackData *),void *)" (?InputText@ImGui@@YA_NPEBDPEAD_KHP6AHPEAUImGuiInputTextCallbackData@@@ZPEAX@Z)
Perlin.obj : error LNK2019: unresolved external symbol "bool __cdecl ImGui::InputFloat(char const *,float *,float,float,char const *,int)" (?InputFloat@ImGui@@YA_NPEBDPEAMMM0H@Z) referenced in function "public: virtual void __cdecl Perlin::ImGuiWindow(void)" (?ImGuiWindow@Perlin@@UEAAXXZ)
Perlin.obj : error LNK2019: unresolved external symbol "bool __cdecl ImGui::InputInt(char const *,int *,int,int,int)" (?InputInt@ImGui@@YA_NPEBDPEAHHHH@Z) referenced in function "public: virtual void __cdecl Perlin::ImGuiWindow(void)" (?ImGuiWindow@Perlin@@UEAAXXZ)
Terrain.obj : error LNK2001: unresolved external symbol "bool __cdecl ImGui::InputInt(char const *,int *,int,int,int)" (?InputInt@ImGui@@YA_NPEBDPEAHHHH@Z)
TerrainManager.obj : error LNK2001: unresolved external symbol "bool __cdecl ImGui::InputInt(char const *,int *,int,int,int)" (?InputInt@ImGui@@YA_NPEBDPEAHHHH@Z)
Perlin.obj : error LNK2019: unresolved external symbol "public: void __cdecl Scene::remove_object(class Object *)" (?remove_object@Scene@@QEAAXPEAVObject@@@Z) referenced in function "public: virtual void __cdecl Perlin::ImGuiWindow(void)" (?ImGuiWindow@Perlin@@UEAAXXZ)
Terrain.obj : error LNK2001: unresolved external symbol "public: void __cdecl Scene::remove_object(class Object *)" (?remove_object@Scene@@QEAAXPEAVObject@@@Z)
Perlin.obj : error LNK2001: unresolved external symbol "protected: static class Object * Object::currentObject" (?currentObject@Object@@1PEAV1@EA)
Terrain.obj : error LNK2001: unresolved external symbol "protected: static class Object * Object::currentObject" (?currentObject@Object@@1PEAV1@EA)
TerrainManager.obj : error LNK2001: unresolved external symbol "protected: static class Object * Object::currentObject" (?currentObject@Object@@1PEAV1@EA)
Perlin.obj : error LNK2001: unresolved external symbol "private: static class Scene * Scene::currentScene" (?currentScene@Scene@@0PEAV1@EA)
Terrain.obj : error LNK2001: unresolved external symbol "private: static class Scene * Scene::currentScene" (?currentScene@Scene@@0PEAV1@EA)
Terrain.obj : error LNK2019: unresolved external symbol "bool __cdecl ImGui::RadioButton(char const *,int *,int)" (?RadioButton@ImGui@@YA_NPEBDPEAHH@Z) referenced in function "public: static class Terrain * __cdecl Terrain::ImGuiWindowAdd(void)" (?ImGuiWindowAdd@Terrain@@SAPEAV1@XZ)
Terrain.obj : error LNK2019: unresolved external symbol "bool __cdecl ImGui::DragFloat(char const *,float *,float,float,float,char const *,int)" (?DragFloat@ImGui@@YA_NPEBDPEAMMMM0H@Z) referenced in function "public: static void __cdecl Terrain::shaderSettings(void)" (?shaderSettings@Terrain@@SAXXZ)
Terrain.obj : error LNK2019: unresolved external symbol "bool __cdecl ImGui::ColorEdit3(char const *,float * const,int)" (?ColorEdit3@ImGui@@YA_NPEBDQEAMH@Z) referenced in function "public: static void __cdecl Terrain::shaderSettings(void)" (?shaderSettings@Terrain@@SAXXZ)
Terrain.obj : error LNK2019: unresolved external symbol "public: void __cdecl Mesh::cleanUp(void)" (?cleanUp@Mesh@@QEAAXXZ) referenced in function "public: void __cdecl Chunk::cleanUp(void)" (?cleanUp@Chunk@@QEAAXXZ)
Terrain.obj : error LNK2019: unresolved external symbol "public: void __cdecl Scene::add_object(class Object *)" (?add_object@Scene@@QEAAXPEAVObject@@@Z) referenced in function "public: __cdecl Terrain::Terrain(class std::basic_string<char,struct std::char_traits<char>,class std::allocator<char> >,int,int,int,int)" (??0Terrain@@QEAA@V?$basic_string@DU?$char_traits@D@std@@V?$allocator@D@2@@std@@HHHH@Z)
Terrain.obj : error LNK2001: unresolved external symbol "public: static class Camera * Camera::activeCamera" (?activeCamera@Camera@@2PEAV1@EA)
TerrainManager.obj : error LNK2001: unresolved external symbol "public: static class Camera * Camera::activeCamera" (?activeCamera@Camera@@2PEAV1@EA)
TerrainManager.obj : error LNK2019: unresolved external symbol "bool __cdecl ImGui::Checkbox(char const *,bool *)" (?Checkbox@ImGui@@YA_NPEBDPEA_N@Z) referenced in function "public: static void __cdecl TerrainManager::ImGuiWindow(void)" (?ImGuiWindow@TerrainManager@@SAXXZ)
MSVCRTD.lib(exe_main.obj) : error LNK2019: unresolved external symbol main referenced in function "int __cdecl invoke_main(void)" (?invoke_main@@YAHXZ)
D:\Data\Programing\Projects\Minecraft CCTweaked Controller\Main Program\x64\Debug\Terrain.exe : fatal error LNK1120: 28 unresolved externals
