  CCTweakerManager.cpp
  Perlin.cpp
D:\Data\Programing\Projects\Minecraft CCTweaked Controller\Main Program\IndividualProject\src\UI\InguiWidgits\ImguiCore.hpp(10,10): error C1083: Cannot open include file: 'glad/glad.h': No such file or directory
  (compiling source file 'src/Modules/Terrain/Models/Perlin.cpp')
  
  MathsFunction.cpp
D:\Data\Programing\Projects\Minecraft CCTweaked Controller\Main Program\IndividualProject\src\Support\MathsFunction.hpp(3,10): error C1083: Cannot open include file: 'glm/glm.hpp': No such file or directory
  (compiling source file 'src/Support/MathsFunction.cpp')
  
  Chunk.cpp
D:\Data\Programing\Projects\Minecraft CCTweaked Controller\Main Program\IndividualProject\src\Objects\Object.hpp(3,10): error C1083: Cannot open include file: 'glm/glm.hpp': No such file or directory
  (compiling source file 'src/Modules/Terrain/Chunk.cpp')
  
  glm.cpp
D:\Data\Programing\Projects\Minecraft CCTweaked Controller\Main Program\IndividualProject\dependencies\include\glm\detail\glm.cpp(7,10): error C1083: Cannot open include file: 'glm/gtx/dual_quaternion.hpp': No such file or directory
  glm.cppm
D:\Data\Programing\Projects\Minecraft CCTweaked Controller\Main Program\IndividualProject\dependencies\include\glm\glm.cppm(1,1): error C4430: missing type specifier - int assumed. Note: C++ does not support default-int
D:\Data\Programing\Projects\Minecraft CCTweaked Controller\Main Program\IndividualProject\dependencies\include\glm\glm.cppm(7,10): error C1083: Cannot open include file: 'glm/glm.hpp': No such file or directory
  ScreenRenderWidgit.cpp
D:\Data\Programing\Projects\Minecraft CCTweaked Controller\Main Program\IndividualProject\src\UI\InguiWidgits\ScreenRenderWidgit.hpp(3,10): error C1083: Cannot open include file: 'glad/glad.h': No such file or directory
  (compiling source file 'src/UI/InguiWidgits/ScreenRenderWidgit.cpp')
  
  Scene.cpp
D:\Data\Programing\Projects\Minecraft CCTweaked Controller\Main Program\IndividualProject\src\Objects\Object.hpp(3,10): error C1083: Cannot open include file: 'glm/glm.hpp': No such file or directory
  (compiling source file 'src/Core/Scene.cpp')
  
  ImguiCore.cpp
D:\Data\Programing\Projects\Minecraft CCTweaked Controller\Main Program\IndividualProject\src\UI\InguiWidgits\ImguiCore.hpp(10,10): error C1083: Cannot open include file: 'glad/glad.h': No such file or directory
  (compiling source file 'src/UI/InguiWidgits/ImguiCore.cpp')
  
  LightingManager.cpp
D:\Data\Programing\Projects\Minecraft CCTweaked Controller\Main Program\IndividualProject\src\Lighting\LightingManager.hpp(3,10): error C1083: Cannot open include file: 'glad/glad.h': No such file or directory
  (compiling source file 'src/Lighting/LightingManager.cpp')
  
  Mesh.cpp
D:\Data\Programing\Projects\Minecraft CCTweaked Controller\Main Program\IndividualProject\src\Objects\mesh.hpp(2,10): error C1083: Cannot open include file: 'glad/glad.h': No such file or directory
  (compiling source file 'src/Objects/Mesh.cpp')
  
  Camera.cpp
D:\Data\Programing\Projects\Minecraft CCTweaked Controller\Main Program\IndividualProject\src\Core\Camera.hpp(4,10): error C1083: Cannot open include file: 'glad/glad.h': No such file or directory
  (compiling source file 'src/Core/Camera.cpp')
  
  Light.cpp
D:\Data\Programing\Projects\Minecraft CCTweaked Controller\Main Program\IndividualProject\src\Lighting\Light.hpp(3,10): error C1083: Cannot open include file: 'glm/mat4x4.hpp': No such file or directory
  (compiling source file 'src/Lighting/Light.cpp')
  
  main.cpp
D:\Data\Programing\Projects\Minecraft CCTweaked Controller\Main Program\IndividualProject\src\Core\main.cpp(1,10): error C1083: Cannot open include file: 'glad/glad.h': No such file or directory
  Material.cpp
D:\Data\Programing\Projects\Minecraft CCTweaked Controller\Main Program\IndividualProject\src\Core\Material.hpp(2,10): error C1083: Cannot open include file: 'glm/mat4x4.hpp': No such file or directory
  (compiling source file 'src/Core/Material.cpp')
  
  Program.cpp
D:\Data\Programing\Projects\Minecraft CCTweaked Controller\Main Program\IndividualProject\src\Core\Program.hpp(4,10): error C1083: Cannot open include file: 'glad/glad.h': No such file or directory
  (compiling source file 'src/Core/Program.cpp')
  
  imgui.cpp
  imgui_demo.cpp
  imgui_draw.cpp
  imgui_impl_glfw.cpp
D:\Data\Programing\Projects\Minecraft CCTweaked Controller\Main Program\IndividualProject\src\imgui\imgui_impl_glfw.cpp(104,10): error C1083: Cannot open include file: 'GLFW/glfw3.h': No such file or directory
  Generating Code...
  Compiling...
  imgui_impl_opengl3.cpp
  imgui_tables.cpp
  imgui_widgets.cpp
  Object.cpp
D:\Data\Programing\Projects\Minecraft CCTweaked Controller\Main Program\IndividualProject\src\Objects\Object.hpp(3,10): error C1083: Cannot open include file: 'glm/glm.hpp': No such file or directory
  (compiling source file 'src/Objects/Object.cpp')
  
  TextHandler.cpp
D:\Data\Programing\Projects\Minecraft CCTweaked Controller\Main Program\IndividualProject\src\UI\TextHandler.hpp(4,10): error C1083: Cannot open include file: 'glad/glad.h': No such file or directory
  (compiling source file 'src/UI/TextHandler.cpp')
  
  TerrainManager.cpp
D:\Data\Programing\Projects\Minecraft CCTweaked Controller\Main Program\IndividualProject\src\Modules\Terrain\Terrain.hpp(5,10): error C1083: Cannot open include file: 'glm/glm.hpp': No such file or directory
  (compiling source file 'src/Modules/Terrain/TerrainManager.cpp')
  
  Terrain.cpp
D:\Data\Programing\Projects\Minecraft CCTweaked Controller\Main Program\IndividualProject\src\Modules\Terrain\Terrain.hpp(5,10): error C1083: Cannot open include file: 'glm/glm.hpp': No such file or directory
  (compiling source file 'src/Modules/Terrain/Terrain.cpp')
  
  Generating Code...
